<?xml version="1.0" encoding="UTF-8"?>
<!-- Generated by org.testng.reporters.JUnitXMLReporter -->
<testsuite ignored="0" hostname="DESKTOP-T3FJ1MH" failures="0" tests="1" name="Demosite(failed)" time="5.187" errors="0" timestamp="16 Sep 2022 06:56:52 GMT">
  <testcase classname="Com.Demosite.testCases.BaseClass" name="@BeforeClass setUp" time="5.141">
    <failure type="org.openqa.selenium.SessionNotCreatedException" message="session not created: This version of Microsoft Edge WebDriver only supports Microsoft Edge version 107
Current browser version is 105.0.1343.33 with binary path C:\Program Files (x86)\Microsoft\Edge\Application\msedge.exe
Build info: version: &amp;apos;3.141.59&amp;apos;, revision: &amp;apos;e82be7d358&amp;apos;, time: &amp;apos;2018-11-14T08:17:03&amp;apos;
System info: host: &amp;apos;DESKTOP-T3FJ1MH&amp;apos;, ip: &amp;apos;192.168.1.5&amp;apos;, os.name: &amp;apos;Windows 10&amp;apos;, os.arch: &amp;apos;amd64&amp;apos;, os.version: &amp;apos;10.0&amp;apos;, java.version: &amp;apos;17.0.2&amp;apos;
Driver info: driver.version: EdgeDriver
remote stacktrace: Backtrace:
	Microsoft::Applications::Events::EventProperties::SetProperty [0x00007FF76B077262+15282]
	Microsoft::Applications::Events::EventProperty::EventProperty [0x00007FF76B0148F2+1444642]
	Ordinal0 [0x00007FF76AC2C835+641077]
	Ordinal0 [0x00007FF76AC5A6AD+829101]
	Ordinal0 [0x00007FF76AC5615A+811354]
	Ordinal0 [0x00007FF76AC51340+791360]
	Ordinal0 [0x00007FF76AC8F891+1046673]
	Ordinal0 [0x00007FF76AC8ED78+1043832]
	Ordinal0 [0x00007FF76AC88193+1016211]
	Ordinal0 [0x00007FF76AC5CC63+838755]
	Ordinal0 [0x00007FF76AC5E2CF+844495]
	Microsoft::Applications::Events::EventProperty::EventProperty [0x00007FF76AED4C38+134760]
	Microsoft::Applications::Events::EventProperty::EventProperty [0x00007FF76AEBEB4D+44413]
	Microsoft::Applications::Events::EventProperty::EventProperty [0x00007FF76AEC1AAC+56540]
	Ordinal0 [0x00007FF76AD1F944+1636676]
	Microsoft::Applications::Events::EventProperty::EventProperty [0x00007FF76B019F49+1466745]
	Microsoft::Applications::Events::EventProperty::EventProperty [0x00007FF76B01E6F4+1485092]
	Microsoft::Applications::Events::EventProperty::EventProperty [0x00007FF76B01E84D+1485437]
	Microsoft::Applications::Events::EventProperty::EventProperty [0x00007FF76B025F26+1515862]
	BaseThreadInitThunk [0x00007FFE36FB7034+20]
	RtlUserThreadStart [0x00007FFE381026A1+33]
">
      <![CDATA[org.openqa.selenium.SessionNotCreatedException: session not created: This version of Microsoft Edge WebDriver only supports Microsoft Edge version 107
Current browser version is 105.0.1343.33 with binary path C:\Program Files (x86)\Microsoft\Edge\Application\msedge.exe
Build info: version: '3.141.59', revision: 'e82be7d358', time: '2018-11-14T08:17:03'
System info: host: 'DESKTOP-T3FJ1MH', ip: '192.168.1.5', os.name: 'Windows 10', os.arch: 'amd64', os.version: '10.0', java.version: '17.0.2'
Driver info: driver.version: EdgeDriver
remote stacktrace: Backtrace:
Microsoft::Applications::Events::EventProperties::SetProperty [0x00007FF76B077262+15282]
Microsoft::Applications::Events::EventProperty::EventProperty [0x00007FF76B0148F2+1444642]
Ordinal0 [0x00007FF76AC2C835+641077]
Ordinal0 [0x00007FF76AC5A6AD+829101]
Ordinal0 [0x00007FF76AC5615A+811354]
Ordinal0 [0x00007FF76AC51340+791360]
Ordinal0 [0x00007FF76AC8F891+1046673]
Ordinal0 [0x00007FF76AC8ED78+1043832]
Ordinal0 [0x00007FF76AC88193+1016211]
Ordinal0 [0x00007FF76AC5CC63+838755]
Ordinal0 [0x00007FF76AC5E2CF+844495]
Microsoft::Applications::Events::EventProperty::EventProperty [0x00007FF76AED4C38+134760]
Microsoft::Applications::Events::EventProperty::EventProperty [0x00007FF76AEBEB4D+44413]
Microsoft::Applications::Events::EventProperty::EventProperty [0x00007FF76AEC1AAC+56540]
Ordinal0 [0x00007FF76AD1F944+1636676]
Microsoft::Applications::Events::EventProperty::EventProperty [0x00007FF76B019F49+1466745]
Microsoft::Applications::Events::EventProperty::EventProperty [0x00007FF76B01E6F4+1485092]
Microsoft::Applications::Events::EventProperty::EventProperty [0x00007FF76B01E84D+1485437]
Microsoft::Applications::Events::EventProperty::EventProperty [0x00007FF76B025F26+1515862]
BaseThreadInitThunk [0x00007FFE36FB7034+20]
RtlUserThreadStart [0x00007FFE381026A1+33]

at org.openqa.selenium.remote.W3CHandshakeResponse.lambda$errorHandler$0(W3CHandshakeResponse.java:62)
at org.openqa.selenium.remote.HandshakeResponse.lambda$getResponseFunction$0(HandshakeResponse.java:30)
at org.openqa.selenium.remote.ProtocolHandshake.lambda$createSession$0(ProtocolHandshake.java:126)
at java.base/java.util.stream.ReferencePipeline$3$1.accept(ReferencePipeline.java:197)
at java.base/java.util.Spliterators$ArraySpliterator.tryAdvance(Spliterators.java:1002)
at java.base/java.util.stream.ReferencePipeline.forEachWithCancel(ReferencePipeline.java:129)
at java.base/java.util.stream.AbstractPipeline.copyIntoWithCancel(AbstractPipeline.java:527)
at java.base/java.util.stream.AbstractPipeline.copyInto(AbstractPipeline.java:513)
at java.base/java.util.stream.AbstractPipeline.wrapAndCopyInto(AbstractPipeline.java:499)
at java.base/java.util.stream.FindOps$FindOp.evaluateSequential(FindOps.java:150)
at java.base/java.util.stream.AbstractPipeline.evaluate(AbstractPipeline.java:234)
at java.base/java.util.stream.ReferencePipeline.findFirst(ReferencePipeline.java:647)
at org.openqa.selenium.remote.ProtocolHandshake.createSession(ProtocolHandshake.java:128)
at org.openqa.selenium.remote.ProtocolHandshake.createSession(ProtocolHandshake.java:74)
at org.openqa.selenium.remote.HttpCommandExecutor.execute(HttpCommandExecutor.java:136)
at org.openqa.selenium.remote.service.DriverCommandExecutor.execute(DriverCommandExecutor.java:83)
at org.openqa.selenium.remote.RemoteWebDriver.execute(RemoteWebDriver.java:552)
at org.openqa.selenium.remote.RemoteWebDriver.startSession(RemoteWebDriver.java:213)
at org.openqa.selenium.remote.RemoteWebDriver.<init>(RemoteWebDriver.java:131)
at org.openqa.selenium.edge.EdgeDriver.<init>(EdgeDriver.java:141)
at org.openqa.selenium.edge.EdgeDriver.<init>(EdgeDriver.java:96)
at Com.Demosite.testCases.BaseClass.setUp(BaseClass.java:39)
... Removed 31 stack frames]]>
    </failure>
  </testcase> <!-- @BeforeClass setUp -->
  <testcase classname="Com.Demosite.testCases.Tc_LoginTest_001" name="@BeforeMethod objectIntialize" time="0.0">
    <skipped/>
  </testcase> <!-- @BeforeMethod objectIntialize -->
  <testcase classname="Com.Demosite.testCases.BaseClass" name="@AfterClass tearDown" time="0.0">
    <skipped/>
  </testcase> <!-- @AfterClass tearDown -->
  <testcase classname="Com.Demosite.testCases.Tc_LoginTest_001" name="loginTest" time="0.0">
    <skipped/>
  </testcase> <!-- loginTest -->
</testsuite> <!-- Demosite(failed) -->
